<?xml version="1.0" encoding="UTF-8"?>
<testng-results ignored="0" total="1" passed="1" failed="0" skipped="0">
  <reporter-output>
  </reporter-output>
  <suite started-at="2024-05-25T19:21:06 IST" name="Suite" finished-at="2024-05-25T19:21:20 IST" duration-ms="14148">
    <groups>
    </groups>
    <test started-at="2024-05-25T19:21:06 IST" name="Test" finished-at="2024-05-25T19:21:20 IST" duration-ms="14148">
      <class name="ljScripts.LoginFunct">
        <test-method is-config="true" signature="openApp()[pri:0, instance:ljScripts.LoginFunct@481a996b]" started-at="2024-05-25T19:21:06 IST" name="openApp" finished-at="2024-05-25T19:21:13 IST" duration-ms="6467" status="PASS">
          <reporter-output>
          </reporter-output>
        </test-method> <!-- openApp -->
        <test-method signature="loginCall()[pri:0, instance:ljScripts.LoginFunct@481a996b]" started-at="2024-05-25T19:21:13 IST" name="loginCall" finished-at="2024-05-25T19:21:20 IST" duration-ms="7140" status="PASS">
          <reporter-output>
          </reporter-output>
        </test-method> <!-- loginCall -->
        <test-method is-config="true" signature="closeApp(org.testng.ITestResult)[pri:0, instance:ljScripts.LoginFunct@481a996b]" started-at="2024-05-25T19:21:20 IST" name="closeApp" finished-at="2024-05-25T19:21:20 IST" duration-ms="458" status="PASS">
          <params>
            <param index="0">
              <value>
                <![CDATA[[TestResult name=loginCall status=SUCCESS method=LoginFunct.loginCall()[pri:0, instance:ljScripts.LoginFunct@481a996b] output={null}]]]>
              </value>
            </param>
          </params>
          <reporter-output>
          </reporter-output>
        </test-method> <!-- closeApp -->
      </class> <!-- ljScripts.LoginFunct -->
    </test> <!-- Test -->
  </suite> <!-- Suite -->
</testng-results>
