<?xml version="1.0" encoding="UTF-8"?>
<testng-results ignored="0" total="1" passed="1" failed="0" skipped="0">
  <reporter-output>
  </reporter-output>
  <suite started-at="2024-05-26T09:19:17 IST" name="Suite" finished-at="2024-05-26T09:19:37 IST" duration-ms="19560">
    <groups>
    </groups>
    <test started-at="2024-05-26T09:19:17 IST" name="Test" finished-at="2024-05-26T09:19:37 IST" duration-ms="19560">
      <class name="ljScripts.LoginFunct">
        <test-method is-config="true" signature="openApp()[pri:0, instance:ljScripts.LoginFunct@619713e5]" started-at="2024-05-26T09:19:17 IST" name="openApp" finished-at="2024-05-26T09:19:28 IST" duration-ms="10911" status="PASS">
          <reporter-output>
          </reporter-output>
        </test-method> <!-- openApp -->
        <test-method signature="loginCall()[pri:0, instance:ljScripts.LoginFunct@619713e5]" started-at="2024-05-26T09:19:28 IST" name="loginCall" finished-at="2024-05-26T09:19:36 IST" duration-ms="7909" status="PASS">
          <reporter-output>
          </reporter-output>
        </test-method> <!-- loginCall -->
        <test-method is-config="true" signature="closeApp(org.testng.ITestResult)[pri:0, instance:ljScripts.LoginFunct@619713e5]" started-at="2024-05-26T09:19:36 IST" name="closeApp" finished-at="2024-05-26T09:19:37 IST" duration-ms="628" status="PASS">
          <params>
            <param index="0">
              <value>
                <![CDATA[[TestResult name=loginCall status=SUCCESS method=LoginFunct.loginCall()[pri:0, instance:ljScripts.LoginFunct@619713e5] output={null}]]]>
              </value>
            </param>
          </params>
          <reporter-output>
          </reporter-output>
        </test-method> <!-- closeApp -->
      </class> <!-- ljScripts.LoginFunct -->
    </test> <!-- Test -->
  </suite> <!-- Suite -->
</testng-results>
